# JRE version: Java(TM) SE Runtime Environment (8.0_111-b14) (build 1.8.0_111-b14)
# Java VM: Java HotSpot(TM) 64-Bit Server VM (25.111-b14 mixed mode linux-amd64 compressed oops)
Heap:
 PSYoungGen      total 261120K, used 1815K [0x00000000d7f80000, 0x00000000e8b80000, 0x0000000100000000)
  eden space 248320K, 0% used [0x00000000d7f80000,0x00000000d7f80000,0x00000000e7200000)
  from space 12800K, 14% used [0x00000000e7200000,0x00000000e73c5c50,0x00000000e7e80000)
  to   space 12288K, 0% used [0x00000000e7e80000,0x00000000e7e80000,0x00000000e8a80000)
 ParOldGen       total 83456K, used 47519K [0x0000000087e00000, 0x000000008cf80000, 0x00000000d7f80000)
  object space 83456K, 56% used [0x0000000087e00000,0x000000008ac67f20,0x000000008cf80000)
 Metaspace       used 18537K, capacity 18936K, committed 19328K, reserved 1067008K
  class space    used 2218K, capacity 2323K, committed 2432K, reserved 1048576K
GC Heap History (10 events):
Event: 3.945 GC heap after
Heap after GC invocations=4 (full 0):
 PSYoungGen      total 67584K, used 1632K [0x00000000d7f80000, 0x00000000dc680000, 0x0000000100000000)
  eden space 62464K, 0% used [0x00000000d7f80000,0x00000000d7f80000,0x00000000dbc80000)
  from space 5120K, 31% used [0x00000000dc180000,0x00000000dc318030,0x00000000dc680000)
  to   space 5120K, 0% used [0x00000000dbc80000,0x00000000dbc80000,0x00000000dc180000)
 ParOldGen       total 83456K, used 30211K [0x0000000087e00000, 0x000000008cf80000, 0x00000000d7f80000)
  object space 83456K, 36% used [0x0000000087e00000,0x0000000089b80f40,0x000000008cf80000)
 Metaspace       used 16719K, capacity 17026K, committed 17408K, reserved 1064960K
  class space    used 2056K, capacity 2190K, committed 2304K, reserved 1048576K
}
Event: 12.166 GC heap before
{Heap before GC invocations=5 (full 0):
 PSYoungGen      total 67584K, used 61572K [0x00000000d7f80000, 0x00000000dc680000, 0x0000000100000000)
  eden space 62464K, 95% used [0x00000000d7f80000,0x00000000dba092d0,0x00000000dbc80000)
  from space 5120K, 31% used [0x00000000dc180000,0x00000000dc318030,0x00000000dc680000)
  to   space 5120K, 0% used [0x00000000dbc80000,0x00000000dbc80000,0x00000000dc180000)
 ParOldGen       total 83456K, used 30211K [0x0000000087e00000, 0x000000008cf80000, 0x00000000d7f80000)
  object space 83456K, 36% used [0x0000000087e00000,0x0000000089b80f40,0x000000008cf80000)
 Metaspace       used 18112K, capacity 18462K, committed 18816K, reserved 1064960K
  class space    used 2217K, capacity 2322K, committed 2432K, reserved 1048576K
Event: 12.190 GC heap after
Heap after GC invocations=5 (full 0):
 PSYoungGen      total 67584K, used 5119K [0x00000000d7f80000, 0x00000000e0e80000, 0x0000000100000000)
  eden space 62464K, 0% used [0x00000000d7f80000,0x00000000d7f80000,0x00000000dbc80000)
  from space 5120K, 99% used [0x00000000dbc80000,0x00000000dc17ff28,0x00000000dc180000)
  to   space 10752K, 0% used [0x00000000e0400000,0x00000000e0400000,0x00000000e0e80000)
 ParOldGen       total 83456K, used 37971K [0x0000000087e00000, 0x000000008cf80000, 0x00000000d7f80000)
  object space 83456K, 45% used [0x0000000087e00000,0x000000008a314cb0,0x000000008cf80000)
 Metaspace       used 18112K, capacity 18462K, committed 18816K, reserved 1064960K
  class space    used 2217K, capacity 2322K, committed 2432K, reserved 1048576K
}
Event: 17.287 GC heap before
{Heap before GC invocations=6 (full 0):
 PSYoungGen      total 67584K, used 65630K [0x00000000d7f80000, 0x00000000e0e80000, 0x0000000100000000)
  eden space 62464K, 96% used [0x00000000d7f80000,0x00000000dba97970,0x00000000dbc80000)
  from space 5120K, 99% used [0x00000000dbc80000,0x00000000dc17ff28,0x00000000dc180000)
  to   space 10752K, 0% used [0x00000000e0400000,0x00000000e0400000,0x00000000e0e80000)
 ParOldGen       total 83456K, used 37971K [0x0000000087e00000, 0x000000008cf80000, 0x00000000d7f80000)
  object space 83456K, 45% used [0x0000000087e00000,0x000000008a314cb0,0x000000008cf80000)
 Metaspace       used 18226K, capacity 18534K, committed 18816K, reserved 1064960K
  class space    used 2217K, capacity 2322K, committed 2432K, reserved 1048576K
Event: 17.297 GC heap after
Heap after GC invocations=6 (full 0):
 PSYoungGen      total 135168K, used 7896K [0x00000000d7f80000, 0x00000000e0f80000, 0x0000000100000000)
  eden space 124416K, 0% used [0x00000000d7f80000,0x00000000d7f80000,0x00000000df900000)
  from space 10752K, 73% used [0x00000000e0400000,0x00000000e0bb6148,0x00000000e0e80000)
  to   space 11264K, 0% used [0x00000000df900000,0x00000000df900000,0x00000000e0400000)
 ParOldGen       total 83456K, used 37979K [0x0000000087e00000, 0x000000008cf80000, 0x00000000d7f80000)
  object space 83456K, 45% used [0x0000000087e00000,0x000000008a316cb0,0x000000008cf80000)
 Metaspace       used 18226K, capacity 18534K, committed 18816K, reserved 1064960K
  class space    used 2217K, capacity 2322K, committed 2432K, reserved 1048576K
}
Event: 24.233 GC heap before
{Heap before GC invocations=7 (full 0):
 PSYoungGen      total 135168K, used 126514K [0x00000000d7f80000, 0x00000000e0f80000, 0x0000000100000000)
  eden space 124416K, 95% used [0x00000000d7f80000,0x00000000df356930,0x00000000df900000)
  from space 10752K, 73% used [0x00000000e0400000,0x00000000e0bb6148,0x00000000e0e80000)
  to   space 11264K, 0% used [0x00000000df900000,0x00000000df900000,0x00000000e0400000)
 ParOldGen       total 83456K, used 37979K [0x0000000087e00000, 0x000000008cf80000, 0x00000000d7f80000)
  object space 83456K, 45% used [0x0000000087e00000,0x000000008a316cb0,0x000000008cf80000)
 Metaspace       used 18347K, capacity 18738K, committed 19072K, reserved 1067008K
  class space    used 2217K, capacity 2322K, committed 2432K, reserved 1048576K
Event: 24.264 GC heap after
Heap after GC invocations=7 (full 0):
 PSYoungGen      total 135680K, used 9729K [0x00000000d7f80000, 0x00000000e8a80000, 0x0000000100000000)
  eden space 124416K, 0% used [0x00000000d7f80000,0x00000000d7f80000,0x00000000df900000)
  from space 11264K, 86% used [0x00000000df900000,0x00000000e0280460,0x00000000e0400000)
  to   space 12288K, 0% used [0x00000000e7e80000,0x00000000e7e80000,0x00000000e8a80000)
 ParOldGen       total 83456K, used 46853K [0x0000000087e00000, 0x000000008cf80000, 0x00000000d7f80000)
  object space 83456K, 56% used [0x0000000087e00000,0x000000008abc1660,0x000000008cf80000)
 Metaspace       used 18347K, capacity 18738K, committed 19072K, reserved 1067008K
  class space    used 2217K, capacity 2322K, committed 2432K, reserved 1048576K
}
Event: 35.857 GC heap before
{Heap before GC invocations=8 (full 0):
 PSYoungGen      total 135680K, used 134145K [0x00000000d7f80000, 0x00000000e8a80000, 0x0000000100000000)
  eden space 124416K, 100% used [0x00000000d7f80000,0x00000000df900000,0x00000000df900000)
  from space 11264K, 86% used [0x00000000df900000,0x00000000e0280460,0x00000000e0400000)
  to   space 12288K, 0% used [0x00000000e7e80000,0x00000000e7e80000,0x00000000e8a80000)
 ParOldGen       total 83456K, used 46853K [0x0000000087e00000, 0x000000008cf80000, 0x00000000d7f80000)
  object space 83456K, 56% used [0x0000000087e00000,0x000000008abc1660,0x000000008cf80000)
 Metaspace       used 18437K, capacity 18802K, committed 19072K, reserved 1067008K
  class space    used 2217K, capacity 2322K, committed 2432K, reserved 1048576K
Event: 35.888 GC heap after
Heap after GC invocations=8 (full 0):
 PSYoungGen      total 260608K, used 1164K [0x00000000d7f80000, 0x00000000e8b80000, 0x0000000100000000)
  eden space 248320K, 0% used [0x00000000d7f80000,0x00000000d7f80000,0x00000000e7200000)
  from space 12288K, 9% used [0x00000000e7e80000,0x00000000e7fa3040,0x00000000e8a80000)
  to   space 12800K, 0% used [0x00000000e7200000,0x00000000e7200000,0x00000000e7e80000)
 ParOldGen       total 83456K, used 47239K [0x0000000087e00000, 0x000000008cf80000, 0x00000000d7f80000)
  object space 83456K, 56% used [0x0000000087e00000,0x000000008ac21ed0,0x000000008cf80000)
 Metaspace       used 18437K, capacity 18802K, committed 19072K, reserved 1067008K
  class space    used 2217K, capacity 2322K, committed 2432K, reserved 1048576K
}
Event: 66.782 GC heap before
{Heap before GC invocations=9 (full 0):
 PSYoungGen      total 260608K, used 249484K [0x00000000d7f80000, 0x00000000e8b80000, 0x0000000100000000)
  eden space 248320K, 100% used [0x00000000d7f80000,0x00000000e7200000,0x00000000e7200000)
  from space 12288K, 9% used [0x00000000e7e80000,0x00000000e7fa3040,0x00000000e8a80000)
  to   space 12800K, 0% used [0x00000000e7200000,0x00000000e7200000,0x00000000e7e80000)
 ParOldGen       total 83456K, used 47239K [0x0000000087e00000, 0x000000008cf80000, 0x00000000d7f80000)
  object space 83456K, 56% used [0x0000000087e00000,0x000000008ac21ed0,0x000000008cf80000)
 Metaspace       used 18537K, capacity 18936K, committed 19328K, reserved 1067008K
  class space    used 2218K, capacity 2323K, committed 2432K, reserved 1048576K

