# JRE version: Java(TM) SE Runtime Environment (8.0_111-b14) (build 1.8.0_111-b14)
# Java VM: Java HotSpot(TM) 64-Bit Server VM (25.111-b14 mixed mode linux-amd64 compressed oops)
Heap:
 PSYoungGen      total 130048K, used 3713K [0x00000000d7f80000, 0x00000000e0380000, 0x0000000100000000)
  eden space 124928K, 0% used [0x00000000d7f80000,0x00000000d7f80000,0x00000000df980000)
  from space 5120K, 72% used [0x00000000df980000,0x00000000dfd20480,0x00000000dfe80000)
  to   space 5120K, 0% used [0x00000000dfe80000,0x00000000dfe80000,0x00000000e0380000)
 ParOldGen       total 83456K, used 33044K [0x0000000087e00000, 0x000000008cf80000, 0x00000000d7f80000)
  object space 83456K, 39% used [0x0000000087e00000,0x0000000089e452e8,0x000000008cf80000)
 Metaspace       used 18486K, capacity 18904K, committed 19072K, reserved 1067008K
  class space    used 2221K, capacity 2355K, committed 2432K, reserved 1048576K
GC Heap History (9 events):
Event: 3.324 GC heap before
{Heap before GC invocations=1 (full 0):
 PSYoungGen      total 36352K, used 31232K [0x00000000d7f80000, 0x00000000da800000, 0x0000000100000000)
  eden space 31232K, 100% used [0x00000000d7f80000,0x00000000d9e00000,0x00000000d9e00000)
  from space 5120K, 0% used [0x00000000da300000,0x00000000da300000,0x00000000da800000)
  to   space 5120K, 0% used [0x00000000d9e00000,0x00000000d9e00000,0x00000000da300000)
 ParOldGen       total 83456K, used 0K [0x0000000087e00000, 0x000000008cf80000, 0x00000000d7f80000)
  object space 83456K, 0% used [0x0000000087e00000,0x0000000087e00000,0x000000008cf80000)
 Metaspace       used 11923K, capacity 12054K, committed 12160K, reserved 1060864K
  class space    used 1344K, capacity 1395K, committed 1408K, reserved 1048576K
Event: 3.380 GC heap after
Heap after GC invocations=1 (full 0):
 PSYoungGen      total 36352K, used 5114K [0x00000000d7f80000, 0x00000000dc680000, 0x0000000100000000)
  eden space 31232K, 0% used [0x00000000d7f80000,0x00000000d7f80000,0x00000000d9e00000)
  from space 5120K, 99% used [0x00000000d9e00000,0x00000000da2fe8c8,0x00000000da300000)
  to   space 5120K, 0% used [0x00000000dc180000,0x00000000dc180000,0x00000000dc680000)
 ParOldGen       total 83456K, used 1601K [0x0000000087e00000, 0x000000008cf80000, 0x00000000d7f80000)
  object space 83456K, 1% used [0x0000000087e00000,0x0000000087f90410,0x000000008cf80000)
 Metaspace       used 11923K, capacity 12054K, committed 12160K, reserved 1060864K
  class space    used 1344K, capacity 1395K, committed 1408K, reserved 1048576K
}
Event: 5.259 GC heap before
{Heap before GC invocations=2 (full 0):
 PSYoungGen      total 36352K, used 36334K [0x00000000d7f80000, 0x00000000dc680000, 0x0000000100000000)
  eden space 31232K, 99% used [0x00000000d7f80000,0x00000000d9dfd278,0x00000000d9e00000)
  from space 5120K, 99% used [0x00000000d9e00000,0x00000000da2fe8c8,0x00000000da300000)
  to   space 5120K, 0% used [0x00000000dc180000,0x00000000dc180000,0x00000000dc680000)
 ParOldGen       total 83456K, used 1601K [0x0000000087e00000, 0x000000008cf80000, 0x00000000d7f80000)
  object space 83456K, 1% used [0x0000000087e00000,0x0000000087f90410,0x000000008cf80000)
 Metaspace       used 15019K, capacity 15246K, committed 15488K, reserved 1062912K
  class space    used 1771K, capacity 1836K, committed 1920K, reserved 1048576K
Event: 5.331 GC heap after
Heap after GC invocations=2 (full 0):
 PSYoungGen      total 67584K, used 5105K [0x00000000d7f80000, 0x00000000dc680000, 0x0000000100000000)
  eden space 62464K, 0% used [0x00000000d7f80000,0x00000000d7f80000,0x00000000dbc80000)
  from space 5120K, 99% used [0x00000000dc180000,0x00000000dc67c750,0x00000000dc680000)
  to   space 5120K, 0% used [0x00000000dbc80000,0x00000000dbc80000,0x00000000dc180000)
 ParOldGen       total 83456K, used 8521K [0x0000000087e00000, 0x000000008cf80000, 0x00000000d7f80000)
  object space 83456K, 10% used [0x0000000087e00000,0x00000000886526f8,0x000000008cf80000)
 Metaspace       used 15019K, capacity 15246K, committed 15488K, reserved 1062912K
  class space    used 1771K, capacity 1836K, committed 1920K, reserved 1048576K
}
Event: 7.442 GC heap before
{Heap before GC invocations=3 (full 0):
 PSYoungGen      total 67584K, used 55594K [0x00000000d7f80000, 0x00000000dc680000, 0x0000000100000000)
  eden space 62464K, 80% used [0x00000000d7f80000,0x00000000db0ce478,0x00000000dbc80000)
  from space 5120K, 99% used [0x00000000dc180000,0x00000000dc67c750,0x00000000dc680000)
  to   space 5120K, 0% used [0x00000000dbc80000,0x00000000dbc80000,0x00000000dc180000)
 ParOldGen       total 83456K, used 8521K [0x0000000087e00000, 0x000000008cf80000, 0x00000000d7f80000)
  object space 83456K, 10% used [0x0000000087e00000,0x00000000886526f8,0x000000008cf80000)
 Metaspace       used 16876K, capacity 17158K, committed 17408K, reserved 1064960K
  class space    used 2067K, capacity 2190K, committed 2304K, reserved 1048576K
Event: 7.526 GC heap after
Heap after GC invocations=3 (full 0):
 PSYoungGen      total 67584K, used 3260K [0x00000000d7f80000, 0x00000000e0380000, 0x0000000100000000)
  eden space 62464K, 0% used [0x00000000d7f80000,0x00000000d7f80000,0x00000000dbc80000)
  from space 5120K, 63% used [0x00000000dbc80000,0x00000000dbfaf0b8,0x00000000dc180000)
  to   space 5120K, 0% used [0x00000000dfe80000,0x00000000dfe80000,0x00000000e0380000)
 ParOldGen       total 83456K, used 33036K [0x0000000087e00000, 0x000000008cf80000, 0x00000000d7f80000)
  object space 83456K, 39% used [0x0000000087e00000,0x0000000089e432e8,0x000000008cf80000)
 Metaspace       used 16876K, capacity 17158K, committed 17408K, reserved 1064960K
  class space    used 2067K, capacity 2190K, committed 2304K, reserved 1048576K
}
Event: 20.030 GC heap before
{Heap before GC invocations=4 (full 0):
 PSYoungGen      total 67584K, used 65693K [0x00000000d7f80000, 0x00000000e0380000, 0x0000000100000000)
  eden space 62464K, 99% used [0x00000000d7f80000,0x00000000dbc78558,0x00000000dbc80000)
  from space 5120K, 63% used [0x00000000dbc80000,0x00000000dbfaf0b8,0x00000000dc180000)
  to   space 5120K, 0% used [0x00000000dfe80000,0x00000000dfe80000,0x00000000e0380000)
 ParOldGen       total 83456K, used 33036K [0x0000000087e00000, 0x000000008cf80000, 0x00000000d7f80000)
  object space 83456K, 39% used [0x0000000087e00000,0x0000000089e432e8,0x000000008cf80000)
 Metaspace       used 18212K, capacity 18616K, committed 18816K, reserved 1064960K
  class space    used 2218K, capacity 2323K, committed 2432K, reserved 1048576K
Event: 20.088 GC heap after
Heap after GC invocations=4 (full 0):
 PSYoungGen      total 130048K, used 3746K [0x00000000d7f80000, 0x00000000e0380000, 0x0000000100000000)
  eden space 124928K, 0% used [0x00000000d7f80000,0x00000000d7f80000,0x00000000df980000)
  from space 5120K, 73% used [0x00000000dfe80000,0x00000000e0228b18,0x00000000e0380000)
  to   space 5120K, 0% used [0x00000000df980000,0x00000000df980000,0x00000000dfe80000)
 ParOldGen       total 83456K, used 33044K [0x0000000087e00000, 0x000000008cf80000, 0x00000000d7f80000)
  object space 83456K, 39% used [0x0000000087e00000,0x0000000089e452e8,0x000000008cf80000)
 Metaspace       used 18212K, capacity 18616K, committed 18816K, reserved 1064960K
  class space    used 2218K, capacity 2323K, committed 2432K, reserved 1048576K
}
Event: 43.013 GC heap before
{Heap before GC invocations=5 (full 0):
 PSYoungGen      total 130048K, used 128674K [0x00000000d7f80000, 0x00000000e0380000, 0x0000000100000000)
  eden space 124928K, 100% used [0x00000000d7f80000,0x00000000df980000,0x00000000df980000)
  from space 5120K, 73% used [0x00000000dfe80000,0x00000000e0228b18,0x00000000e0380000)
  to   space 5120K, 0% used [0x00000000df980000,0x00000000df980000,0x00000000dfe80000)
 ParOldGen       total 83456K, used 33044K [0x0000000087e00000, 0x000000008cf80000, 0x00000000d7f80000)
  object space 83456K, 39% used [0x0000000087e00000,0x0000000089e452e8,0x000000008cf80000)
 Metaspace       used 18486K, capacity 18904K, committed 19072K, reserved 1067008K
  class space    used 2221K, capacity 2355K, committed 2432K, reserved 1048576K

